<?xml version="1.0" encoding="UTF-8"?>
<!-- Generated by org.testng.reporters.JUnitReportReporter -->
<testsuite hostname="DESKTOP-3689HFM" failures="0" tests="3" name="testCases.testCheckboxPage" time="21.256" errors="0" timestamp="2023-10-28T12:45:59 IST" skipped="0">
  <testcase classname="testCases.testCheckboxPage" name="MutlipleCheckBox" time="8.064"/>
  <system-out/>
  <testcase classname="testCases.testCheckboxPage" name="SingleCheckBoxDemo" time="4.562"/>
  <system-out/>
  <testcase classname="testCases.testCheckboxPage" name="DisableCheckBoxDemo" time="8.630"/>
  <system-out/>
</testsuite> <!-- testCases.testCheckboxPage -->
