<?xml version="1.0" encoding="UTF-8"?>
<!-- Generated by org.testng.reporters.JUnitReportReporter -->
<testsuite hostname="DESKTOP-3689HFM" failures="0" tests="1" name="testCases.testSliderDemoPage" time="6.709" errors="0" timestamp="2023-10-19T12:22:44 IST" skipped="0">
  <testcase classname="testCases.testSliderDemoPage" name="testSlider" time="6.709"/>
  <system-out/>
</testsuite> <!-- testCases.testSliderDemoPage -->
