<?xml version="1.0" encoding="UTF-8"?>
<!-- Generated by org.testng.reporters.JUnitReportReporter -->
<testsuite hostname="DESKTOP-3689HFM" failures="0" tests="3" name="testCases.testDropDownSearchDemoPage" time="32.772" errors="0" timestamp="2023-10-28T12:45:59 IST" skipped="0">
  <testcase classname="testCases.testDropDownSearchDemoPage" name="SelectFile" time="11.712"/>
  <system-out/>
  <testcase classname="testCases.testDropDownSearchDemoPage" name="SelectState" time="11.968"/>
  <system-out/>
  <testcase classname="testCases.testDropDownSearchDemoPage" name="SelectCountry" time="9.092"/>
  <system-out/>
</testsuite> <!-- testCases.testDropDownSearchDemoPage -->
