<?xml version="1.0" encoding="UTF-8"?>
<!-- Generated by org.testng.reporters.JUnitReportReporter -->
<testsuite hostname="DESKTOP-3689HFM" failures="0" tests="2" name="testCases.testDragAndDrop" time="8.101" errors="0" timestamp="2023-10-19T12:22:44 IST" skipped="0">
  <testcase classname="testCases.testDragAndDrop" name="dragAndDropDemo2" time="3.563"/>
  <system-out/>
  <testcase classname="testCases.testDragAndDrop" name="dragAndDropDemo1" time="4.538"/>
  <system-out/>
</testsuite> <!-- testCases.testDragAndDrop -->
