<?xml version="1.0" encoding="UTF-8"?>
<!-- Generated by org.testng.reporters.JUnitReportReporter -->
<testsuite hostname="DESKTOP-3689HFM" failures="0" tests="3" name="testCases.testCheckboxPage" time="15.661" errors="0" timestamp="2023-10-18T15:49:42 IST" skipped="0">
  <testcase classname="testCases.testCheckboxPage" name="DisableCheckBoxDemo" time="6.341"/>
  <system-out/>
  <testcase classname="testCases.testCheckboxPage" name="MutlipleCheckBox" time="3.680"/>
  <system-out/>
  <testcase classname="testCases.testCheckboxPage" name="SingleCheckBoxDemo" time="5.640"/>
  <system-out/>
</testsuite> <!-- testCases.testCheckboxPage -->
