<?xml version="1.0" encoding="UTF-8"?>
<!-- Generated by org.testng.reporters.JUnitReportReporter -->
<testsuite hostname="DESKTOP-3689HFM" failures="0" tests="1" name="testCases.testSliderDemoPage" time="7.120" errors="0" timestamp="2023-10-18T15:49:42 IST" skipped="0">
  <testcase classname="testCases.testSliderDemoPage" name="testSlider" time="7.120"/>
  <system-out/>
</testsuite> <!-- testCases.testSliderDemoPage -->
