<?xml version="1.0" encoding="UTF-8"?>
<!-- Generated by org.testng.reporters.JUnitReportReporter -->
<testsuite hostname="DESKTOP-3689HFM" failures="0" tests="1" name="testCases.testHandelWindowsPage" time="30.160" errors="0" timestamp="2023-10-19T12:22:44 IST" skipped="0">
  <testcase classname="testCases.testHandelWindowsPage" name="handelTwitterPage" time="30.160"/>
  <system-out/>
</testsuite> <!-- testCases.testHandelWindowsPage -->
