<?xml version="1.0" encoding="UTF-8"?>
<!-- Generated by org.testng.reporters.JUnitReportReporter -->
<testsuite hostname="DESKTOP-3689HFM" failures="0" tests="1" name="testCases.testDynamicDataLoading" time="13.653" errors="0" timestamp="2023-10-28T21:08:08 IST" skipped="0">
  <testcase classname="testCases.testDynamicDataLoading" name="DataIsLoaded" time="13.653"/>
  <system-out/>
</testsuite> <!-- testCases.testDynamicDataLoading -->
