<?xml version="1.0" encoding="UTF-8"?>
<!-- Generated by org.testng.reporters.JUnitReportReporter -->
<testsuite hostname="DESKTOP-3689HFM" failures="0" tests="3" name="testCases.testDropDownSearchDemoPage" time="13.765" errors="0" timestamp="2023-10-18T15:49:42 IST" skipped="0">
  <testcase classname="testCases.testDropDownSearchDemoPage" name="SelectCountry" time="6.979"/>
  <system-out/>
  <testcase classname="testCases.testDropDownSearchDemoPage" name="SelectFile" time="3.695"/>
  <system-out/>
  <testcase classname="testCases.testDropDownSearchDemoPage" name="SelectState" time="3.091"/>
  <system-out/>
</testsuite> <!-- testCases.testDropDownSearchDemoPage -->
