<?xml version="1.0" encoding="UTF-8"?>
<!-- Generated by org.testng.reporters.JUnitReportReporter -->
<testsuite hostname="DESKTOP-3689HFM" failures="0" tests="3" name="testCases.testCheckboxPage" time="11.347" errors="0" timestamp="2023-10-19T12:22:44 IST" skipped="0">
  <testcase classname="testCases.testCheckboxPage" name="DisableCheckBoxDemo" time="3.864"/>
  <system-out/>
  <testcase classname="testCases.testCheckboxPage" name="MutlipleCheckBox" time="4.042"/>
  <system-out/>
  <testcase classname="testCases.testCheckboxPage" name="SingleCheckBoxDemo" time="3.441"/>
  <system-out/>
</testsuite> <!-- testCases.testCheckboxPage -->
