<?xml version="1.0" encoding="UTF-8"?>
<!-- Generated by org.testng.reporters.JUnitReportReporter -->
<testsuite hostname="DESKTOP-3689HFM" failures="0" tests="3" name="testCases.testDropDownSearchDemoPage" time="11.701" errors="0" timestamp="2023-10-19T12:22:44 IST" skipped="0">
  <testcase classname="testCases.testDropDownSearchDemoPage" name="SelectCountry" time="4.076"/>
  <system-out/>
  <testcase classname="testCases.testDropDownSearchDemoPage" name="SelectFile" time="3.641"/>
  <system-out/>
  <testcase classname="testCases.testDropDownSearchDemoPage" name="SelectState" time="3.984"/>
  <system-out/>
</testsuite> <!-- testCases.testDropDownSearchDemoPage -->
