<?xml version="1.0" encoding="UTF-8"?>
<!-- Generated by org.testng.reporters.JUnitReportReporter -->
<testsuite hostname="DESKTOP-3689HFM" failures="0" tests="1" name="testCases.testHandelWindowsPage" time="37.798" errors="0" timestamp="2023-10-28T12:45:59 IST" skipped="0">
  <testcase classname="testCases.testHandelWindowsPage" name="handelTwitterPage" time="37.798"/>
  <system-out/>
</testsuite> <!-- testCases.testHandelWindowsPage -->
