<?xml version="1.0" encoding="UTF-8"?>
<!-- Generated by org.testng.reporters.JUnitReportReporter -->
<testsuite hostname="DESKTOP-3689HFM" failures="0" tests="2" name="testCases.testDragAndDrop" time="15.374" errors="0" timestamp="2023-10-28T12:45:59 IST" skipped="0">
  <testcase classname="testCases.testDragAndDrop" name="dragAndDropDemo1" time="7.727"/>
  <system-out/>
  <testcase classname="testCases.testDragAndDrop" name="dragAndDropDemo2" time="7.647"/>
  <system-out/>
</testsuite> <!-- testCases.testDragAndDrop -->
