<?xml version="1.0" encoding="UTF-8"?>
<!-- Generated by org.testng.reporters.JUnitReportReporter -->
<testsuite hostname="madmax" failures="0" tests="3" name="testCases.testDropDownSearchDemoPage" time="15.093" errors="0" timestamp="2024-02-07T13:45:14 IST" skipped="0">
  <testcase classname="testCases.testDropDownSearchDemoPage" name="SelectFile" time="5.084"/>
  <system-out/>
  <testcase classname="testCases.testDropDownSearchDemoPage" name="SelectState" time="4.960"/>
  <system-out/>
  <testcase classname="testCases.testDropDownSearchDemoPage" name="SelectCountry" time="5.049"/>
  <system-out/>
</testsuite> <!-- testCases.testDropDownSearchDemoPage -->
