<?xml version="1.0" encoding="UTF-8"?>
<!-- Generated by org.testng.reporters.JUnitReportReporter -->
<testsuite hostname="madmax" failures="0" tests="3" name="testCases.testCheckboxPage" time="9.312" errors="0" timestamp="2024-02-07T13:45:14 IST" skipped="0">
  <testcase classname="testCases.testCheckboxPage" name="DisableCheckBoxDemo" time="3.698"/>
  <system-out/>
  <testcase classname="testCases.testCheckboxPage" name="MutlipleCheckBox" time="2.926"/>
  <system-out/>
  <testcase classname="testCases.testCheckboxPage" name="SingleCheckBoxDemo" time="2.688"/>
  <system-out/>
</testsuite> <!-- testCases.testCheckboxPage -->
