<?xml version="1.0" encoding="UTF-8"?>
<!-- Generated by org.testng.reporters.JUnitReportReporter -->
<testsuite hostname="madmax" failures="0" tests="2" name="testCases.testDragAndDrop" time="25.996" errors="0" timestamp="2024-02-07T13:45:14 IST" skipped="0">
  <testcase classname="testCases.testDragAndDrop" name="dragAndDropDemo1" time="16.624"/>
  <system-out/>
  <testcase classname="testCases.testDragAndDrop" name="dragAndDropDemo2" time="9.372"/>
  <system-out/>
</testsuite> <!-- testCases.testDragAndDrop -->
