<?xml version="1.0" encoding="UTF-8"?>
<!-- Generated by org.testng.reporters.JUnitReportReporter -->
<testsuite hostname="DESKTOP-3689HFM" failures="0" tests="3" name="testCases.testCheckboxPage" time="13.051" errors="0" timestamp="2023-10-28T12:52:18 IST" skipped="0">
  <testcase classname="testCases.testCheckboxPage" name="SingleCheckBoxDemo" time="4.188"/>
  <system-out/>
  <testcase classname="testCases.testCheckboxPage" name="MutlipleCheckBox" time="4.185"/>
  <system-out/>
  <testcase classname="testCases.testCheckboxPage" name="DisableCheckBoxDemo" time="4.678"/>
  <system-out/>
</testsuite> <!-- testCases.testCheckboxPage -->
