<?xml version="1.0" encoding="UTF-8"?>
<!-- Generated by org.testng.reporters.JUnitReportReporter -->
<testsuite hostname="DESKTOP-3689HFM" failures="0" tests="3" name="testCases.testDropDownSearchDemoPage" time="14.343" errors="0" timestamp="2023-10-28T12:52:18 IST" skipped="0">
  <testcase classname="testCases.testDropDownSearchDemoPage" name="SelectFile" time="5.429"/>
  <system-out/>
  <testcase classname="testCases.testDropDownSearchDemoPage" name="SelectState" time="4.470"/>
  <system-out/>
  <testcase classname="testCases.testDropDownSearchDemoPage" name="SelectCountry" time="4.444"/>
  <system-out/>
</testsuite> <!-- testCases.testDropDownSearchDemoPage -->
