<?xml version="1.0" encoding="UTF-8"?>
<!-- Generated by org.testng.reporters.JUnitReportReporter -->
<testsuite hostname="madmax" failures="0" tests="1" name="testCases.testDynamicDataLoading" time="8.415" errors="0" timestamp="2024-02-07T13:45:14 IST" skipped="0">
  <testcase classname="testCases.testDynamicDataLoading" name="DataIsLoaded" time="8.415"/>
  <system-out/>
</testsuite> <!-- testCases.testDynamicDataLoading -->
