<?xml version="1.0" encoding="UTF-8"?>
<!-- Generated by org.testng.reporters.JUnitReportReporter -->
<testsuite hostname="DESKTOP-3689HFM" failures="0" tests="1" name="testCases.testSliderDemoPage" time="4.158" errors="0" timestamp="2023-10-28T12:52:18 IST" skipped="0">
  <testcase classname="testCases.testSliderDemoPage" name="testSlider" time="4.158"/>
  <system-out/>
</testsuite> <!-- testCases.testSliderDemoPage -->
